c:\users\den\documents\visual studio 2013\projects\smallgameproject\02-opengl\debug\vc120.pdb
c:\users\den\documents\visual studio 2013\projects\smallgameproject\02-opengl\debug\vc120.idb
c:\users\den\documents\visual studio 2013\projects\smallgameproject\02-opengl\debug\audio.obj
c:\users\den\documents\visual studio 2013\projects\smallgameproject\02-opengl\debug\blitquad.obj
c:\users\den\documents\visual studio 2013\projects\smallgameproject\02-opengl\debug\boundingpolygon.obj
c:\users\den\documents\visual studio 2013\projects\smallgameproject\02-opengl\debug\enemy.obj
c:\users\den\documents\visual studio 2013\projects\smallgameproject\02-opengl\debug\gamestate.obj
c:\users\den\documents\visual studio 2013\projects\smallgameproject\02-opengl\debug\gashader.obj
c:\users\den\documents\visual studio 2013\projects\smallgameproject\02-opengl\debug\gbuffer.obj
c:\users\den\documents\visual studio 2013\projects\smallgameproject\02-opengl\debug\gobject.obj
c:\users\den\documents\visual studio 2013\projects\smallgameproject\02-opengl\debug\guimanager.obj
c:\users\den\documents\visual studio 2013\projects\smallgameproject\02-opengl\debug\guishader.obj
c:\users\den\documents\visual studio 2013\projects\smallgameproject\02-opengl\debug\ingamegui.obj
c:\users\den\documents\visual studio 2013\projects\smallgameproject\02-opengl\debug\lightshader.obj
c:\users\den\documents\visual studio 2013\projects\smallgameproject\02-opengl\debug\main.obj
c:\users\den\documents\visual studio 2013\projects\smallgameproject\02-opengl\debug\player.obj
c:\users\den\documents\visual studio 2013\projects\smallgameproject\02-opengl\debug\render.obj
c:\users\den\documents\visual studio 2013\projects\smallgameproject\02-opengl\debug\shopui.obj
c:\users\den\documents\visual studio 2013\projects\smallgameproject\02-opengl\debug\stb_image.obj
c:\users\den\documents\visual studio 2013\projects\smallgameproject\02-opengl\debug\demo.ilk
c:\users\den\documents\visual studio 2013\projects\smallgameproject\02-opengl\debug\demo.exe
c:\users\den\documents\visual studio 2013\projects\smallgameproject\02-opengl\debug\demo.pdb
c:\users\den\documents\visual studio 2013\projects\smallgameproject\02-opengl\debug\demo.tlog\cl.command.1.tlog
c:\users\den\documents\visual studio 2013\projects\smallgameproject\02-opengl\debug\demo.tlog\cl.read.1.tlog
c:\users\den\documents\visual studio 2013\projects\smallgameproject\02-opengl\debug\demo.tlog\cl.write.1.tlog
c:\users\den\documents\visual studio 2013\projects\smallgameproject\02-opengl\debug\demo.tlog\link.command.1.tlog
c:\users\den\documents\visual studio 2013\projects\smallgameproject\02-opengl\debug\demo.tlog\link.read.1.tlog
c:\users\den\documents\visual studio 2013\projects\smallgameproject\02-opengl\debug\demo.tlog\link.write.1.tlog
