Build started 5/18/2015 4:01:03 PM.
     1>Project "C:\Users\den\Documents\Visual Studio 2013\Projects\SmallGameProject\02-OpenGL\Demo.vcxproj" on node 2 (Build target(s)).
     1>ClCompile:
         C:\Program Files (x86)\Microsoft Visual Studio 12.0\VC\bin\CL.exe /c /I"C:\Users\den\Documents\Visual Studio 2013\Projects\SmallGameProject\02-OpenGL\\glm" /I"C:\Users\den\Documents\Visual Studio 2013\Projects\SmallGameProject\02-OpenGL\\glew-1.11.0" /ZI /nologo /W3 /WX- /Od /Oy- /D WIN32 /D _DEBUG /D _WINDOWS /D _UNICODE /D UNICODE /Gm /EHsc /RTC1 /MDd /GS /fp:precise /Zc:wchar_t /Zc:forScope /Fo"Debug\\" /Fd"Debug\vc120.pdb" /Gd /TP /analyze- /errorReport:prompt GameState.cpp
         GameState.cpp
     1>c:\users\den\documents\visual studio 2013\projects\smallgameproject\02-opengl\gamestate.cpp(11): warning C4244: 'argument' : conversion from 'int' to 'float', possible loss of data
     1>c:\users\den\documents\visual studio 2013\projects\smallgameproject\02-opengl\gamestate.cpp(220): warning C4244: 'argument' : conversion from 'float' to 'int', possible loss of data
     1>c:\users\den\documents\visual studio 2013\projects\smallgameproject\02-opengl\gamestate.cpp(225): warning C4244: 'argument' : conversion from 'float' to 'int', possible loss of data
     1>c:\users\den\documents\visual studio 2013\projects\smallgameproject\02-opengl\gamestate.cpp(238): warning C4244: 'argument' : conversion from 'int' to 'float', possible loss of data
     1>c:\users\den\documents\visual studio 2013\projects\smallgameproject\02-opengl\gamestate.cpp(528): warning C4018: '>=' : signed/unsigned mismatch
     1>c:\users\den\documents\visual studio 2013\projects\smallgameproject\02-opengl\gamestate.cpp(533): warning C4244: 'argument' : conversion from 'int' to 'float', possible loss of data
     1>c:\users\den\documents\visual studio 2013\projects\smallgameproject\02-opengl\gamestate.cpp(551): warning C4258: 'i' : definition from the for loop is ignored; the definition from the enclosing scope is used
                 c:\users\den\documents\visual studio 2013\projects\smallgameproject\02-opengl\gamestate.cpp(537) : definition of 'i' ignored
                 c:\users\den\documents\visual studio 2013\projects\smallgameproject\02-opengl\gamestate.cpp(525) : definition of 'i' used
     1>c:\users\den\documents\visual studio 2013\projects\smallgameproject\02-opengl\gamestate.cpp(555): warning C4258: 'i' : definition from the for loop is ignored; the definition from the enclosing scope is used
                 c:\users\den\documents\visual studio 2013\projects\smallgameproject\02-opengl\gamestate.cpp(537) : definition of 'i' ignored
                 c:\users\den\documents\visual studio 2013\projects\smallgameproject\02-opengl\gamestate.cpp(525) : definition of 'i' used
     1>c:\users\den\documents\visual studio 2013\projects\smallgameproject\02-opengl\gamestate.cpp(559): warning C4258: 'i' : definition from the for loop is ignored; the definition from the enclosing scope is used
                 c:\users\den\documents\visual studio 2013\projects\smallgameproject\02-opengl\gamestate.cpp(537) : definition of 'i' ignored
                 c:\users\den\documents\visual studio 2013\projects\smallgameproject\02-opengl\gamestate.cpp(525) : definition of 'i' used
     1>c:\users\den\documents\visual studio 2013\projects\smallgameproject\02-opengl\gamestate.cpp(563): warning C4258: 'i' : definition from the for loop is ignored; the definition from the enclosing scope is used
                 c:\users\den\documents\visual studio 2013\projects\smallgameproject\02-opengl\gamestate.cpp(537) : definition of 'i' ignored
                 c:\users\den\documents\visual studio 2013\projects\smallgameproject\02-opengl\gamestate.cpp(525) : definition of 'i' used
     1>c:\users\den\documents\visual studio 2013\projects\smallgameproject\02-opengl\gamestate.cpp(570): warning C4258: 'i' : definition from the for loop is ignored; the definition from the enclosing scope is used
                 c:\users\den\documents\visual studio 2013\projects\smallgameproject\02-opengl\gamestate.cpp(537) : definition of 'i' ignored
                 c:\users\den\documents\visual studio 2013\projects\smallgameproject\02-opengl\gamestate.cpp(525) : definition of 'i' used
     1>c:\users\den\documents\visual studio 2013\projects\smallgameproject\02-opengl\gamestate.cpp(574): warning C4258: 'i' : definition from the for loop is ignored; the definition from the enclosing scope is used
                 c:\users\den\documents\visual studio 2013\projects\smallgameproject\02-opengl\gamestate.cpp(537) : definition of 'i' ignored
                 c:\users\den\documents\visual studio 2013\projects\smallgameproject\02-opengl\gamestate.cpp(525) : definition of 'i' used
     1>c:\users\den\documents\visual studio 2013\projects\smallgameproject\02-opengl\gamestate.cpp(581): warning C4258: 'i' : definition from the for loop is ignored; the definition from the enclosing scope is used
                 c:\users\den\documents\visual studio 2013\projects\smallgameproject\02-opengl\gamestate.cpp(537) : definition of 'i' ignored
                 c:\users\den\documents\visual studio 2013\projects\smallgameproject\02-opengl\gamestate.cpp(525) : definition of 'i' used
     1>c:\users\den\documents\visual studio 2013\projects\smallgameproject\02-opengl\gamestate.cpp(583): warning C4305: 'argument' : truncation from 'double' to 'float'
     1>c:\users\den\documents\visual studio 2013\projects\smallgameproject\02-opengl\gamestate.cpp(585): warning C4258: 'i' : definition from the for loop is ignored; the definition from the enclosing scope is used
                 c:\users\den\documents\visual studio 2013\projects\smallgameproject\02-opengl\gamestate.cpp(537) : definition of 'i' ignored
                 c:\users\den\documents\visual studio 2013\projects\smallgameproject\02-opengl\gamestate.cpp(525) : definition of 'i' used
     1>c:\users\den\documents\visual studio 2013\projects\smallgameproject\02-opengl\gamestate.cpp(587): warning C4305: 'argument' : truncation from 'double' to 'float'
     1>c:\users\den\documents\visual studio 2013\projects\smallgameproject\02-opengl\gamestate.cpp(589): warning C4258: 'i' : definition from the for loop is ignored; the definition from the enclosing scope is used
                 c:\users\den\documents\visual studio 2013\projects\smallgameproject\02-opengl\gamestate.cpp(537) : definition of 'i' ignored
                 c:\users\den\documents\visual studio 2013\projects\smallgameproject\02-opengl\gamestate.cpp(525) : definition of 'i' used
     1>c:\users\den\documents\visual studio 2013\projects\smallgameproject\02-opengl\gamestate.cpp(591): warning C4305: 'argument' : truncation from 'double' to 'float'
     1>c:\users\den\documents\visual studio 2013\projects\smallgameproject\02-opengl\gamestate.cpp(660): warning C4018: '>=' : signed/unsigned mismatch
     1>c:\users\den\documents\visual studio 2013\projects\smallgameproject\02-opengl\gamestate.cpp(681): warning C4244: 'argument' : conversion from 'double' to 'float', possible loss of data
     1>c:\users\den\documents\visual studio 2013\projects\smallgameproject\02-opengl\gamestate.cpp(708): warning C4244: 'argument' : conversion from 'int' to 'float', possible loss of data
     1>c:\users\den\documents\visual studio 2013\projects\smallgameproject\02-opengl\gamestate.cpp(940): warning C4800: 'int' : forcing value to bool 'true' or 'false' (performance warning)
     1>c:\users\den\documents\visual studio 2013\projects\smallgameproject\02-opengl\gamestate.cpp(811): warning C4715: 'GameState::screenClickesOn' : not all control paths return a value
       Link:
         C:\Program Files (x86)\Microsoft Visual Studio 12.0\VC\bin\link.exe /ERRORREPORT:PROMPT /OUT:"C:\Users\den\Documents\Visual Studio 2013\Projects\SmallGameProject\02-OpenGL\Debug\Demo.exe" /INCREMENTAL /NOLOGO LuaLib.lib GLU32.lib OpenAL32.lib kernel32.lib user32.lib gdi32.lib winspool.lib comdlg32.lib advapi32.lib shell32.lib ole32.lib oleaut32.lib uuid.lib odbc32.lib odbccp32.lib /MANIFEST /MANIFESTUAC:"level='asInvoker' uiAccess='false'" /manifest:embed /DEBUG /PDB:"C:\Users\den\Documents\Visual Studio 2013\Projects\SmallGameProject\02-OpenGL\Debug\Demo.pdb" /SUBSYSTEM:WINDOWS /TLBID:1 /DYNAMICBASE /NXCOMPAT /IMPLIB:"C:\Users\den\Documents\Visual Studio 2013\Projects\SmallGameProject\02-OpenGL\Debug\Demo.lib" /MACHINE:X86 Debug\Audio.obj
         Debug\BlitQuad.obj
         Debug\BoundingPolygon.obj
         Debug\Enemy.obj
         Debug\GameState.obj
         Debug\GAShader.obj
         Debug\gbuffer.obj
         Debug\GObject.obj
         Debug\GuiManager.obj
         Debug\GuiShader.obj
         Debug\InGameGui.obj
         Debug\LightShader.obj
         Debug\main.obj
         Debug\Player.obj
         Debug\Render.obj
         Debug\ShopUI.obj
         Debug\stb_image.obj
         Demo.vcxproj -> C:\Users\den\Documents\Visual Studio 2013\Projects\SmallGameProject\02-OpenGL\Debug\Demo.exe
     1>Done Building Project "C:\Users\den\Documents\Visual Studio 2013\Projects\SmallGameProject\02-OpenGL\Demo.vcxproj" (Build target(s)).

Build succeeded.

Time Elapsed 00:00:01.32
